<?xml version="1.0" encoding="UTF-8"?>
<!-- Generated by org.testng.reporters.JUnitReportReporter -->
<testsuite hostname="DESKTOP-FVL7V1F" failures="0" tests="2" name="TestCases.Priorities_INDEX" time="0.019" errors="0" timestamp="2023-06-28T17:45:45 IST" skipped="0">
  <testcase classname="TestCases.Priorities_INDEX" name="lanchApp" time="0.016"/>
  <testcase classname="TestCases.Priorities_INDEX" name="closeApp" time="0.003"/>
</testsuite> <!-- TestCases.Priorities_INDEX -->
