<?xml version="1.0" encoding="UTF-8"?>
<!-- Generated by org.testng.reporters.JUnitReportReporter -->
<testsuite hostname="DESKTOP-FVL7V1F" failures="0" tests="3" name="TestCases.Enable_Disable_Execution" time="0.018" errors="0" timestamp="2023-06-29T11:09:45 IST" skipped="1">
  <testcase classname="TestCases.Enable_Disable_Execution" name="test2" time="0.003"/>
  <testcase classname="TestCases.Enable_Disable_Execution" name="test1" time="0.015"/>
  <testcase classname="TestCases.Enable_Disable_Execution" name="test3">
    <skipped/>
  </testcase> <!-- test3 -->
</testsuite> <!-- TestCases.Enable_Disable_Execution -->
