<?xml version="1.0" encoding="UTF-8"?>
<!-- Generated by org.testng.reporters.JUnitReportReporter -->
<testsuite hostname="DESKTOP-FVL7V1F" failures="0" tests="1" name="TestCases.AssertFalse" time="0.025" errors="0" timestamp="2023-11-09T17:21:59 IST" skipped="0">
  <testcase classname="TestCases.AssertFalse" name="test1" time="0.025"/>
</testsuite> <!-- TestCases.AssertFalse -->
