<?xml version="1.0" encoding="UTF-8"?>
<!-- Generated by org.testng.reporters.JUnitReportReporter -->
<testsuite hostname="DESKTOP-FVL7V1F" failures="0" tests="1" name="TestCases.demo" time="0.010" errors="0" timestamp="2023-06-28T23:31:21 IST" skipped="0">
  <testcase classname="TestCases.demo" name="sendmail" time="0.010"/>
</testsuite> <!-- TestCases.demo -->
