<?xml version="1.0" encoding="UTF-8"?>
<!-- Generated by org.testng.reporters.JUnitReportReporter -->
<testsuite hostname="DESKTOP-FVL7V1F" failures="0" tests="1" name="TestCases.assertEquals" time="0.037" errors="0" timestamp="2023-11-09T17:11:21 IST" skipped="0">
  <testcase classname="TestCases.assertEquals" name="test1" time="0.037"/>
</testsuite> <!-- TestCases.assertEquals -->
